<?xml version="1.0" encoding="UTF-8"?>
<!-- Generated by org.testng.reporters.JUnitReportReporter -->
<testsuite skipped="0" hostname="DESKTOP-JDF89IR" name="com.spring.example.DemoApplicationTests" tests="7" failures="0" timestamp="16 Mar 2021 06:12:31 GMT" time="0.383" errors="0">
  <testcase name="testMethod" time="0.007" classname="com.spring.example.DemoApplicationTests"/>
  <testcase name="testMethod" time="0.344" classname="com.spring.example.DemoApplicationTests"/>
  <testcase name="testMethod" time="0.007" classname="com.spring.example.DemoApplicationTests"/>
  <testcase name="testMethod" time="0.006" classname="com.spring.example.DemoApplicationTests"/>
  <testcase name="testMethod" time="0.006" classname="com.spring.example.DemoApplicationTests"/>
  <testcase name="testMethod" time="0.008" classname="com.spring.example.DemoApplicationTests"/>
  <testcase name="testMethod" time="0.005" classname="com.spring.example.DemoApplicationTests"/>
</testsuite> <!-- com.spring.example.DemoApplicationTests -->
